Arguments: 
  /usr/bin/node /usr/bin/yarn add @firstdorsal/interossea-client

PATH: 
  /usr/local/bin:/home/paul/.cargo/bin:/usr/bin:/home/paul/.cargo/bin:/usr/local/sbin:/home/paul/.cargo/bin:/opt/android-sdk/platform-tools:/home/paul/.cargo/bin:/opt/cuda/bin:/home/paul/.cargo/bin:/opt/cuda/nsight_compute:/home/paul/.cargo/bin:/opt/cuda/nsight_systems/bin:/home/paul/.cargo/bin:/usr/lib/jvm/default/bin:/home/paul/.cargo/bin:/usr/bin/site_perl:/home/paul/.cargo/bin:/usr/bin/vendor_perl:/home/paul/.cargo/bin:/usr/bin/core_perl:/home/paul/.cargo/bin:/usr/lib/rustup/bin:/home/paul/.cargo/bin

Yarn version: 
  1.22.19

Node version: 
  19.9.0

Platform: 
  linux x64

Trace: 
  Error: ENOENT: no such file or directory, stat '/home/paul/Documents/filez/clients/ts/node_modules/@firstdorsal/interossea-client'

npm manifest: 
  {
      "name": "@firstdorsal/filez-client",
      "version": "1.0.2",
      "main": "dist/js/main.js",
      "module": "dist/js/main.js",
      "types": "dist/js/main.d.ts",
      "type": "module",
      "license": "MIT",
      "devDependencies": {
          "typescript": "^5.0.4"
      },
      "dependencies": {
          "@firstdorsal/interossea-client": "^1.0.0"
      },
      "scripts": {
          "build": "tsc",
          "dev": "tsc -w",
          "before-publish": "yarn build"
      }
  }

yarn manifest: 
  No manifest

Lockfile: 
  # THIS IS AN AUTOGENERATED FILE. DO NOT EDIT THIS FILE DIRECTLY.
  # yarn lockfile v1
  
  
  "@firstdorsal/interossea-client@^1.0.0":
    version "1.0.0"
    resolved "https://registry.yarnpkg.com/@firstdorsal/interossea-client/-/interossea-client-1.0.0.tgz#37e31536d90ad7980efd973938be17044c176f6f"
    integrity sha512-UDBoXfVTjinQqkGqvgL0PaRaSP1Rvm2e8KaEvfajRkzrC5WKAhE9rV5IXxA/CfTp4ePaIOGjyouLKW7EKH+ToQ==
  
  typescript@^5.0.4:
    version "5.0.4"
    resolved "https://registry.yarnpkg.com/typescript/-/typescript-5.0.4.tgz#b217fd20119bd61a94d4011274e0ab369058da3b"
    integrity sha512-cW9T5W9xY37cc+jfEnaUvX91foxtHkza3Nw3wkoF4sSlKn0MONdkdEndig/qPBWXNkmplh3NzayQzCiHM4/hqw==
