Arguments: 
  /usr/bin/node /usr/bin/yarn add @firstdorsal/interossea-client

PATH: 
  /usr/local/bin:/home/paul/.cargo/bin:/usr/bin:/home/paul/.cargo/bin:/usr/local/sbin:/home/paul/.cargo/bin:/opt/android-sdk/platform-tools:/home/paul/.cargo/bin:/opt/cuda/bin:/home/paul/.cargo/bin:/opt/cuda/nsight_compute:/home/paul/.cargo/bin:/opt/cuda/nsight_systems/bin:/home/paul/.cargo/bin:/usr/lib/jvm/default/bin:/home/paul/.cargo/bin:/usr/bin/site_perl:/home/paul/.cargo/bin:/usr/bin/vendor_perl:/home/paul/.cargo/bin:/usr/bin/core_perl:/home/paul/.cargo/bin:/usr/lib/rustup/bin:/home/paul/.cargo/bin

Yarn version: 
  1.22.19

Node version: 
  19.9.0

Platform: 
  linux x64

Trace: 
  Error: https://registry.yarnpkg.com/@firstdorsal%2finterossea-client: Not found
      at params.callback [as _callback] (/usr/lib/node_modules/yarn/lib/cli.js:66145:18)
      at self.callback (/usr/lib/node_modules/yarn/lib/cli.js:140890:22)
      at Request.emit (node:events:513:28)
      at Request.<anonymous> (/usr/lib/node_modules/yarn/lib/cli.js:141862:10)
      at Request.emit (node:events:513:28)
      at IncomingMessage.<anonymous> (/usr/lib/node_modules/yarn/lib/cli.js:141784:12)
      at Object.onceWrapper (node:events:627:28)
      at IncomingMessage.emit (node:events:525:35)
      at endReadableNT (node:internal/streams/readable:1359:12)
      at process.processTicksAndRejections (node:internal/process/task_queues:82:21)

npm manifest: 
  {
      "name": "filez-frontend",
      "version": "1.0.0",
      "main": "dist/js/index.js",
      "module": "dist/js/index.js",
      "types": "dist/js/index.d.ts",
      "type": "module",
      "license": "MIT",
      "devDependencies": {
          "typescript": "^5.0.4"
      },
      "dependencies": {
          "@firstdorsal/interossea-client": "link:/home/paul/Documents/interossea/client/ts/dist/js/main.js"
      },
      "scripts": {
          "build": "tsc",
          "dev": "tsc -w"
      }
  }

yarn manifest: 
  No manifest

Lockfile: 
  # THIS IS AN AUTOGENERATED FILE. DO NOT EDIT THIS FILE DIRECTLY.
  # yarn lockfile v1
  
  
  "@firstdorsal/interossea-client@link:../../interossea/client/ts/dist/js/main.js":
    version "0.0.0"
    uid ""
  
  typescript@^5.0.4:
    version "5.0.4"
    resolved "https://registry.yarnpkg.com/typescript/-/typescript-5.0.4.tgz#b217fd20119bd61a94d4011274e0ab369058da3b"
    integrity sha512-cW9T5W9xY37cc+jfEnaUvX91foxtHkza3Nw3wkoF4sSlKn0MONdkdEndig/qPBWXNkmplh3NzayQzCiHM4/hqw==
